<?xml version="1.0" encoding="UTF-8"?>
<testsuite name="TraderTest" tests="3" skipped="0" failures="0" errors="0" timestamp="2022-10-09T02:47:03" hostname="Arjuns-MacBook-Pro.local" time="0.017">
  <properties/>
  <testcase name="TestEmptyConstructor" classname="TraderTest" time="0.007"/>
  <testcase name="TestAddToWishlist" classname="TraderTest" time="0.008"/>
  <testcase name="TestGetSellingPrice" classname="TraderTest" time="0.002"/>
  <system-out><![CDATA[]]></system-out>
  <system-err><![CDATA[]]></system-err>
</testsuite>
